python: can't open file '/home/jupyter-vojta/notebooks/tomeviz/app.py': [Errno 2] No such file or directory
Dash is running on http://0.0.0.0:8050/

 * Serving Flask app 'tomeviz'
 * Debug mode: on
147.228.128.13 - - [26/Sep/2024 11:41:35] code 400, message Bad request version ('\x00\x12\x00\x10\x04\x03\x08\x04\x04\x01\x05\x03\x08\x05\x05\x01\x08\x06\x06\x01\x00-\x00\x02\x01\x01\x00')
147.228.128.13 - - [26/Sep/2024 11:41:35] code 400, message Bad request version ('\x00\x12\x00\x10\x04\x03\x08\x04\x04\x01\x05\x03\x08\x05\x05\x01\x08\x06\x06\x01\x00')
Dash is running on http://0.0.0.0:8050/

 * Serving Flask app 'tomeviz'
 * Debug mode: on
Dash is running on http://:::8050/

 * Serving Flask app 'tomeviz'
 * Debug mode: on
2a00:11b7:221c:f600:ccab:ea07:ff88:fcb9 - - [30/Sep/2024 22:09:27] code 400, message Bad request version ('篓\x10:\x9f脽\x00*ZZ\x13\x01\x13\x02\x13\x03脌,脌+脤漏脌0脌/脤篓脌')
2a00:11b7:221c:f600:ccab:ea07:ff88:fcb9 - - [30/Sep/2024 22:09:27] code 400, message Bad request version (':\x13Ne\x90猫\x9b脪[\x8d\x18霉\x97\x9ej=\x02楼\x1bY脮H\x10D\x00***\x13\x01\x13\x02\x13\x03脌,脌+脤漏脌0脌/脤篓脌')
2a00:11b7:221c:f600:ccab:ea07:ff88:fcb9 - - [30/Sep/2024 22:09:27] code 400, message Bad request version (':\x0e\x19露\x8f\x08莽脥贸\x12GF1&\x00*脷脷\x13\x01\x13\x02\x13\x03脌,脌+脤漏脌0脌/脤篓脌')
2a00:11b7:221c:f600:ccab:ea07:ff88:fcb9 - - [30/Sep/2024 22:09:27] code 400, message Bad request version ('\x8f\x8bv.ou]C\x8f\x96搂碌\x08\x12脰脧\x98\x8e脿\x96\x9a脝U\x00*\x8a\x8a\x13\x01\x13\x02\x13\x03脌,脌+脤漏脌0脌/脤篓脌')
2a00:11b7:221c:f600:ccab:ea07:ff88:fcb9 - - [30/Sep/2024 22:09:27] code 400, message Bad request version ('\x97\x14L\x08Sj\x82\x02R枚卤庐}貌y铆\x9d脌a')
2a00:11b7:221c:f600:ccab:ea07:ff88:fcb9 - - [30/Sep/2024 22:09:27] code 400, message Bad request version ('\x83脪矛脦}\x95脿a\x05\x1aD\x9c漏\x98脜)\x1ad\x10\x00*脢脢\x13\x01\x13\x02\x13\x03脌,脌+脤漏脌0脌/脤篓脌')
2a00:11b7:221c:f600:ccab:ea07:ff88:fcb9 - - [30/Sep/2024 22:09:27] code 400, message Bad request version ('\x8f贸')
2a00:11b7:221c:f600:ccab:ea07:ff88:fcb9 - - [30/Sep/2024 22:09:27] code 400, message Bad request version ('W赂m\x00*锚锚\x13\x01\x13\x02\x13\x03脌,脌+脤漏脌0脌/脤篓脌')
2a00:11b1:1100:921b:5966:a10e:31f2:99dc - - [01/Oct/2024 15:20:31] code 400, message Bad request version ('脣m\x00"\x13\x01\x13\x03\x13\x02脌+脌/脤漏脤篓脌,脌0脌')
2a00:11b1:100a:b720:c875:80ee:58d5:fbf6 - - [01/Oct/2024 15:58:53] code 400, message Bad HTTP/0.9 request type ('\x16\x03\x01\x02\x00\x01\x00\x01眉\x03\x03j1脧\x811冒禄%脷kul')
2a00:11b1:100a:b720:c875:80ee:58d5:fbf6 - - [01/Oct/2024 15:58:53] code 400, message Bad request syntax ('\x16\x03\x01\x02\x00\x01\x00\x01眉\x03\x03脨B\x1a猫卢<')
2a00:11b1:100a:b720:c875:80ee:58d5:fbf6 - - [01/Oct/2024 15:58:53] code 400, message Bad request version ('\x12S\x00\x00\x14脌')
2a00:11b1:100a:b720:c875:80ee:58d5:fbf6 - - [01/Oct/2024 16:21:19] code 400, message Bad request version ('陆录.j\x8b\x03t脡>脼z脪\x11脫铆虏\x1b\x00*JJ\x13\x01\x13\x02\x13\x03脌,脌+脤漏脌0脌/脤篓脌')
2a00:11b1:100a:b720:c875:80ee:58d5:fbf6 - - [01/Oct/2024 16:21:19] code 400, message Bad request version ('\x7f\x19\x05HD搂冒g禄掳\x00*陋陋\x13\x01\x13\x02\x13\x03脌,脌+脤漏脌0脌/脤篓脌')
2a00:11b1:100a:b720:c875:80ee:58d5:fbf6 - - [01/Oct/2024 16:21:19] code 400, message Bad HTTP/0.9 request type ('\x16\x03\x01\x02\x00\x01\x00\x01眉\x03\x03茫卤驴脭脦芦\x8f脡-Y.卯\x96\x0eB赂/脺\x94\x159<4\x96潞玫脵盲没潞忙\x1a')
2a00:11b1:100a:b720:c875:80ee:58d5:fbf6 - - [01/Oct/2024 16:21:19] code 400, message Bad HTTP/0.9 request type ('\x16\x03\x01\x02\x00\x01\x00\x01眉\x03\x03虏\x02~\x06\x04\x14t0脣@8貌+!ux谩脴U\x8f脳\x9b卤酶陋脙U\x19h\x942_')
2a00:11b1:100a:b720:c875:80ee:58d5:fbf6 - - [01/Oct/2024 16:21:20] code 400, message Bad request version ('+[脴\x0f')
2a00:11b1:100a:b720:c875:80ee:58d5:fbf6 - - [01/Oct/2024 16:21:21] code 400, message Bad HTTP/0.9 request type ('\x16\x03\x01\x02\x00\x01\x00\x01眉\x03\x03录脿\x8b\x7f/拢"脮A0c酶\x9b盲谩+h脦脩眉卤脜麓\x98\x96酶TL\x80猫b\x91')
2a00:11b1:100a:b720:c875:80ee:58d5:fbf6 - - [01/Oct/2024 16:21:22] code 400, message Bad request version ('\x96脳O1]贸\x1a_2?\x00*陋陋\x13\x01\x13\x02\x13\x03脌,脌+脤漏脌0脌/脤篓脌')
2a00:11b1:100a:b720:c875:80ee:58d5:fbf6 - - [01/Oct/2024 16:21:23] code 400, message Bad request version ('\x06\x9d玫酶\x82冒N\x00*脢脢\x13\x01\x13\x02\x13\x03脌,脌+脤漏脌0脌/脤篓脌')
Dash is running on http://:::8050/

 * Serving Flask app 'tomeviz'
 * Debug mode: on
